Determining if the pthread_create exist failed with the following output:
Change Dir: /home/hossein/catkin_ws/src/build-receive_image-Desktop_Qt_5_12_0_GCC_64bit-Default/CMakeFiles/CMakeTmp

Run Build Command:"/usr/bin/make" "cmTC_1f50e/fast"
/usr/bin/make -f CMakeFiles/cmTC_1f50e.dir/build.make CMakeFiles/cmTC_1f50e.dir/build
make[1]: Entering directory '/home/hossein/catkin_ws/src/build-receive_image-Desktop_Qt_5_12_0_GCC_64bit-Default/CMakeFiles/CMakeTmp'
Building C object CMakeFiles/cmTC_1f50e.dir/CheckSymbolExists.c.o
/usr/bin/gcc    -o CMakeFiles/cmTC_1f50e.dir/CheckSymbolExists.c.o   -c /home/hossein/catkin_ws/src/build-receive_image-Desktop_Qt_5_12_0_GCC_64bit-Default/CMakeFiles/CMakeTmp/CheckSymbolExists.c
Linking C executable cmTC_1f50e
/usr/bin/cmake -E cmake_link_script CMakeFiles/cmTC_1f50e.dir/link.txt --verbose=1
/usr/bin/gcc      -rdynamic CMakeFiles/cmTC_1f50e.dir/CheckSymbolExists.c.o  -o cmTC_1f50e 
CMakeFiles/cmTC_1f50e.dir/CheckSymbolExists.c.o: In function `main':
CheckSymbolExists.c:(.text+0x1b): undefined reference to `pthread_create'
collect2: error: ld returned 1 exit status
CMakeFiles/cmTC_1f50e.dir/build.make:97: recipe for target 'cmTC_1f50e' failed
make[1]: *** [cmTC_1f50e] Error 1
make[1]: Leaving directory '/home/hossein/catkin_ws/src/build-receive_image-Desktop_Qt_5_12_0_GCC_64bit-Default/CMakeFiles/CMakeTmp'
Makefile:126: recipe for target 'cmTC_1f50e/fast' failed
make: *** [cmTC_1f50e/fast] Error 2

File /home/hossein/catkin_ws/src/build-receive_image-Desktop_Qt_5_12_0_GCC_64bit-Default/CMakeFiles/CMakeTmp/CheckSymbolExists.c:
/* */
#include <pthread.h>

int main(int argc, char** argv)
{
  (void)argv;
#ifndef pthread_create
  return ((int*)(&pthread_create))[argc];
#else
  (void)argc;
  return 0;
#endif
}

Determining if the function pthread_create exists in the pthreads failed with the following output:
Change Dir: /home/hossein/catkin_ws/src/build-receive_image-Desktop_Qt_5_12_0_GCC_64bit-Default/CMakeFiles/CMakeTmp

Run Build Command:"/usr/bin/make" "cmTC_462e2/fast"
/usr/bin/make -f CMakeFiles/cmTC_462e2.dir/build.make CMakeFiles/cmTC_462e2.dir/build
make[1]: Entering directory '/home/hossein/catkin_ws/src/build-receive_image-Desktop_Qt_5_12_0_GCC_64bit-Default/CMakeFiles/CMakeTmp'
Building C object CMakeFiles/cmTC_462e2.dir/CheckFunctionExists.c.o
/usr/bin/gcc   -DCHECK_FUNCTION_EXISTS=pthread_create   -o CMakeFiles/cmTC_462e2.dir/CheckFunctionExists.c.o   -c /usr/share/cmake-3.10/Modules/CheckFunctionExists.c
Linking C executable cmTC_462e2
/usr/bin/cmake -E cmake_link_script CMakeFiles/cmTC_462e2.dir/link.txt --verbose=1
/usr/bin/gcc  -DCHECK_FUNCTION_EXISTS=pthread_create    -rdynamic CMakeFiles/cmTC_462e2.dir/CheckFunctionExists.c.o  -o cmTC_462e2 -lpthreads 
/usr/bin/ld: cannot find -lpthreads
collect2: error: ld returned 1 exit status
CMakeFiles/cmTC_462e2.dir/build.make:97: recipe for target 'cmTC_462e2' failed
make[1]: *** [cmTC_462e2] Error 1
make[1]: Leaving directory '/home/hossein/catkin_ws/src/build-receive_image-Desktop_Qt_5_12_0_GCC_64bit-Default/CMakeFiles/CMakeTmp'
Makefile:126: recipe for target 'cmTC_462e2/fast' failed
make: *** [cmTC_462e2/fast] Error 2


